[2020-06-12 01:51:28.390] [exthost] [info] extension host started
[2020-06-12 01:51:28.425] [exthost] [info] ExtensionService#_doActivateExtension vscode.debug-auto-launch {"startup":true,"extensionId":{"value":"vscode.debug-auto-launch","_lower":"vscode.debug-auto-launch"},"activationEvent":"*"}
[2020-06-12 01:51:28.425] [exthost] [info] ExtensionService#loadCommonJSModule file:///snap/code/34/usr/share/code/resources/app/extensions/debug-auto-launch/dist/extension
[2020-06-12 01:51:28.432] [exthost] [info] ExtensionService#_doActivateExtension vscode.emmet {"startup":true,"extensionId":{"value":"vscode.emmet","_lower":"vscode.emmet"},"activationEvent":"*"}
[2020-06-12 01:51:28.432] [exthost] [info] ExtensionService#loadCommonJSModule file:///snap/code/34/usr/share/code/resources/app/extensions/emmet/dist/extension
[2020-06-12 01:51:28.454] [exthost] [info] ExtensionService#_doActivateExtension vscode.git {"startup":true,"extensionId":{"value":"vscode.github","_lower":"vscode.github"},"activationEvent":"*"}
[2020-06-12 01:51:28.454] [exthost] [info] ExtensionService#loadCommonJSModule file:///snap/code/34/usr/share/code/resources/app/extensions/git/dist/main
[2020-06-12 01:51:28.496] [exthost] [info] ExtensionService#_doActivateExtension vscode.github-authentication {"startup":true,"extensionId":{"value":"vscode.github-authentication","_lower":"vscode.github-authentication"},"activationEvent":"*"}
[2020-06-12 01:51:28.496] [exthost] [info] ExtensionService#loadCommonJSModule file:///snap/code/34/usr/share/code/resources/app/extensions/github-authentication/dist/extension.js
[2020-06-12 01:51:28.509] [exthost] [info] ExtensionService#_doActivateExtension vscode.merge-conflict {"startup":true,"extensionId":{"value":"vscode.merge-conflict","_lower":"vscode.merge-conflict"},"activationEvent":"*"}
[2020-06-12 01:51:28.509] [exthost] [info] ExtensionService#loadCommonJSModule file:///snap/code/34/usr/share/code/resources/app/extensions/merge-conflict/dist/extension
[2020-06-12 01:51:28.511] [exthost] [info] ExtensionService#_doActivateExtension vscode.microsoft-authentication {"startup":true,"extensionId":{"value":"vscode.microsoft-authentication","_lower":"vscode.microsoft-authentication"},"activationEvent":"*"}
[2020-06-12 01:51:28.511] [exthost] [info] ExtensionService#loadCommonJSModule file:///snap/code/34/usr/share/code/resources/app/extensions/microsoft-authentication/dist/extension.js
[2020-06-12 01:51:28.519] [exthost] [info] ExtensionService#_doActivateExtension vscode.search-result {"startup":true,"extensionId":{"value":"vscode.search-result","_lower":"vscode.search-result"},"activationEvent":"*"}
[2020-06-12 01:51:28.519] [exthost] [info] ExtensionService#loadCommonJSModule file:///snap/code/34/usr/share/code/resources/app/extensions/search-result/dist/extension.js
[2020-06-12 01:51:28.563] [exthost] [info] ExtensionService#_doActivateExtension vscode.github {"startup":true,"extensionId":{"value":"vscode.github","_lower":"vscode.github"},"activationEvent":"*"}
[2020-06-12 01:51:28.563] [exthost] [info] ExtensionService#loadCommonJSModule file:///snap/code/34/usr/share/code/resources/app/extensions/github/dist/extension.js
[2020-06-12 01:51:28.580] [exthost] [info] eager extensions activated
[2020-06-12 01:51:48.295] [exthost] [info] extension host started
[2020-06-12 01:51:48.308] [exthost] [info] ExtensionService#_doActivateExtension vscode.debug-auto-launch {"startup":true,"extensionId":{"value":"vscode.debug-auto-launch","_lower":"vscode.debug-auto-launch"},"activationEvent":"*"}
[2020-06-12 01:51:48.308] [exthost] [info] ExtensionService#loadCommonJSModule file:///snap/code/34/usr/share/code/resources/app/extensions/debug-auto-launch/dist/extension
[2020-06-12 01:51:48.310] [exthost] [info] ExtensionService#_doActivateExtension vscode.emmet {"startup":true,"extensionId":{"value":"vscode.emmet","_lower":"vscode.emmet"},"activationEvent":"*"}
[2020-06-12 01:51:48.310] [exthost] [info] ExtensionService#loadCommonJSModule file:///snap/code/34/usr/share/code/resources/app/extensions/emmet/dist/extension
[2020-06-12 01:51:48.318] [exthost] [info] ExtensionService#_doActivateExtension vscode.git {"startup":true,"extensionId":{"value":"vscode.github","_lower":"vscode.github"},"activationEvent":"*"}
[2020-06-12 01:51:48.318] [exthost] [info] ExtensionService#loadCommonJSModule file:///snap/code/34/usr/share/code/resources/app/extensions/git/dist/main
[2020-06-12 01:51:48.329] [exthost] [info] ExtensionService#_doActivateExtension vscode.github-authentication {"startup":true,"extensionId":{"value":"vscode.github-authentication","_lower":"vscode.github-authentication"},"activationEvent":"*"}
[2020-06-12 01:51:48.329] [exthost] [info] ExtensionService#loadCommonJSModule file:///snap/code/34/usr/share/code/resources/app/extensions/github-authentication/dist/extension.js
[2020-06-12 01:51:48.332] [exthost] [info] ExtensionService#_doActivateExtension vscode.merge-conflict {"startup":true,"extensionId":{"value":"vscode.merge-conflict","_lower":"vscode.merge-conflict"},"activationEvent":"*"}
[2020-06-12 01:51:48.332] [exthost] [info] ExtensionService#loadCommonJSModule file:///snap/code/34/usr/share/code/resources/app/extensions/merge-conflict/dist/extension
[2020-06-12 01:51:48.334] [exthost] [info] ExtensionService#_doActivateExtension vscode.microsoft-authentication {"startup":true,"extensionId":{"value":"vscode.microsoft-authentication","_lower":"vscode.microsoft-authentication"},"activationEvent":"*"}
[2020-06-12 01:51:48.334] [exthost] [info] ExtensionService#loadCommonJSModule file:///snap/code/34/usr/share/code/resources/app/extensions/microsoft-authentication/dist/extension.js
[2020-06-12 01:51:48.336] [exthost] [info] ExtensionService#_doActivateExtension vscode.search-result {"startup":true,"extensionId":{"value":"vscode.search-result","_lower":"vscode.search-result"},"activationEvent":"*"}
[2020-06-12 01:51:48.336] [exthost] [info] ExtensionService#loadCommonJSModule file:///snap/code/34/usr/share/code/resources/app/extensions/search-result/dist/extension.js
[2020-06-12 01:51:48.371] [exthost] [info] ExtensionService#_doActivateExtension vscode.github {"startup":true,"extensionId":{"value":"vscode.github","_lower":"vscode.github"},"activationEvent":"*"}
[2020-06-12 01:51:48.371] [exthost] [info] ExtensionService#loadCommonJSModule file:///snap/code/34/usr/share/code/resources/app/extensions/github/dist/extension.js
[2020-06-12 01:51:48.399] [exthost] [info] eager extensions activated
[2020-06-12 01:56:30.460] [exthost] [info] ExtensionService#_doActivateExtension vscode.php-language-features {"startup":false,"extensionId":{"value":"vscode.php-language-features","_lower":"vscode.php-language-features"},"activationEvent":"onLanguage:php"}
[2020-06-12 01:56:30.461] [exthost] [info] ExtensionService#loadCommonJSModule file:///snap/code/34/usr/share/code/resources/app/extensions/php-language-features/dist/phpMain
[2020-06-12 02:28:40.416] [exthost] [info] ExtensionService#_doActivateExtension vscode.typescript-language-features {"startup":false,"extensionId":{"value":"vscode.typescript-language-features","_lower":"vscode.typescript-language-features"},"activationEvent":"onLanguage:javascript"}
[2020-06-12 02:28:40.416] [exthost] [info] ExtensionService#loadCommonJSModule file:///snap/code/34/usr/share/code/resources/app/extensions/typescript-language-features/dist/extension
